[02/10/2010  13:43:40] /addskill god tryller, 0
[02/10/2010  13:43:44] /addskill god tryller, 0
[02/10/2010  16:07:15] /r
[02/10/2010  16:07:45] /n ice rapier
[02/10/2010  16:07:48] /n ice rapier 
[02/10/2010  16:09:20] /n ice rapier 
[02/10/2010  16:10:33] /m hydra
[02/10/2010  16:11:44] /t
[02/10/2010  16:12:24] /t
[28/10/2010  09:58:07] /m hydra
[28/10/2010  10:29:20] /m morgaroth
[28/10/2010  10:29:27] /m dragon lord
[28/10/2010  10:32:15] /r
[28/10/2010  10:33:41] /i 2373
[28/10/2010  10:33:50] /r
[28/10/2010  10:33:54] /i 2173
[28/10/2010  10:34:04] /i golden helmet 
[28/10/2010  10:34:11] /n golden helmet 
[28/10/2010  10:45:50] /i 2173 
[28/10/2010  10:46:05] /i red backpack 
[28/10/2010  10:46:11] /n red backpack 
[28/10/2010  10:46:35] /m dragon lord
[28/10/2010  11:02:30] /m dragon lord
[28/10/2010  11:37:13] /n ham
[28/10/2010  11:37:31] /m dragon lord
[28/10/2010  11:37:45] /r
[28/10/2010  11:37:50] /a 2
[28/10/2010  11:37:55] /m draon lord
[28/10/2010  11:38:01] /m dragon lord 
[28/10/2010  11:38:02] /m dragon lor
[28/10/2010  11:38:07] /m dragon lord
[28/10/2010  11:42:07] /addskill Tester, level, 10
[28/10/2010  11:42:16] /addskill Tester, level
[28/10/2010  11:42:16] /addskill Tester, level
[28/10/2010  11:42:17] /addskill Tester, level
[28/10/2010  11:42:17] /addskill Tester, level
[28/10/2010  11:42:19] /addskill Tester, level
[28/10/2010  11:42:19] /addskill Tester, level
[28/10/2010  11:42:20] /addskill Tester, level
[28/10/2010  11:42:21] /addskill Tester, level
[28/10/2010  11:42:21] /addskill Tester, level
[28/10/2010  11:42:22] /addskill Tester, level
[28/10/2010  11:42:22] /addskill Tester, level
[28/10/2010  11:42:23] /addskill Tester, level
[28/10/2010  11:42:23] /addskill Tester, level
[28/10/2010  11:42:36] /addskill Tester, level
[28/10/2010  11:42:36] /addskill Tester, level
[28/10/2010  11:42:37] /addskill Tester, level
[28/10/2010  11:42:37] /addskill Tester, level
[28/10/2010  11:42:37] /addskill Tester, level
[28/10/2010  11:42:37] /addskill Tester, level
[28/10/2010  11:42:37] /addskill Tester, level
[28/10/2010  11:42:38] /addskill Tester, level
[28/10/2010  11:42:38] /addskill Tester, level
[28/10/2010  11:42:38] /addskill Tester, level
[28/10/2010  11:42:38] /addskill Tester, level
[28/10/2010  11:42:38] /addskill Tester, level
[28/10/2010  11:42:39] /addskill Tester, level
[28/10/2010  11:42:39] /addskill Tester, level
[28/10/2010  11:42:39] /addskill Tester, level
[28/10/2010  11:42:41] /addskill Tester, level
[28/10/2010  11:42:41] /addskill Tester, level
[28/10/2010  11:42:41] /addskill Tester, level
[28/10/2010  11:42:41] /addskill Tester, level
[28/10/2010  11:42:41] /addskill Tester, level
[28/10/2010  11:42:42] /addskill Tester, level
[28/10/2010  11:42:42] /addskill Tester, level
[28/10/2010  11:42:42] /addskill Tester, level
[28/10/2010  11:42:42] /addskill Tester, level
[28/10/2010  11:42:43] /addskill Tester, level
[28/10/2010  11:42:43] /addskill Tester, level
[28/10/2010  11:42:44] /addskill Tester, level
[28/10/2010  11:42:44] /addskill Tester, level
[28/10/2010  11:42:44] /addskill Tester, level
[28/10/2010  11:42:44] /addskill Tester, level
[28/10/2010  11:42:45] /addskill Tester, level
[28/10/2010  11:42:45] /addskill Tester, level
[28/10/2010  11:42:45] /addskill Tester, level
[28/10/2010  11:42:45] /addskill Tester, level
[28/10/2010  11:42:45] /addskill Tester, level
[28/10/2010  11:42:45] /addskill Tester, level
[28/10/2010  11:42:46] /addskill Tester, level
[28/10/2010  11:42:46] /addskill Tester, level
[28/10/2010  11:42:46] /addskill Tester, level
[28/10/2010  11:42:46] /addskill Tester, level
[28/10/2010  11:42:46] /addskill Tester, level
[28/10/2010  11:42:47] /addskill Tester, level
[28/10/2010  11:42:47] /addskill Tester, level
[28/10/2010  11:42:47] /addskill Tester, level
[28/10/2010  11:42:47] /addskill Tester, level
[28/10/2010  11:42:47] /addskill Tester, level
[28/10/2010  11:42:47] /addskill Tester, level
[28/10/2010  11:42:48] /addskill Tester, level
[28/10/2010  11:42:48] /addskill Tester, level
[28/10/2010  11:42:48] /addskill Tester, level
[28/10/2010  11:42:48] /addskill Tester, level
[28/10/2010  11:42:48] /addskill Tester, level
[28/10/2010  11:42:49] /addskill Tester, level
[28/10/2010  11:42:49] /addskill Tester, level
[28/10/2010  11:42:49] /addskill Tester, level
[28/10/2010  11:42:49] /addskill Tester, level
[28/10/2010  11:42:50] /addskill Tester, level
[28/10/2010  11:42:51] /addskill Tester, level
[28/10/2010  11:42:51] /addskill Tester, level
[28/10/2010  11:42:51] /addskill Tester, level
[28/10/2010  11:42:51] /addskill Tester, level
[28/10/2010  11:42:51] /addskill Tester, level
[28/10/2010  11:42:51] /addskill Tester, level
[28/10/2010  11:42:51] /addskill Tester, level
[28/10/2010  11:42:51] /addskill Tester, level
[28/10/2010  11:42:51] /addskill Tester, level
[28/10/2010  11:42:51] /addskill Tester, level
[28/10/2010  11:42:51] /addskill Tester, level
[28/10/2010  11:42:51] /addskill Tester, level
[28/10/2010  11:42:51] /addskill Tester, level
[28/10/2010  11:42:51] /addskill Tester, level
[28/10/2010  11:42:51] /addskill Tester, level
[28/10/2010  11:42:51] /addskill Tester, level
[28/10/2010  11:42:51] /addskill Tester, level
[28/10/2010  11:42:51] /addskill Tester, level
[28/10/2010  11:42:51] /addskill Tester, level
[28/10/2010  11:42:51] /addskill Tester, level
[28/10/2010  11:42:51] /addskill Tester, level
[28/10/2010  11:42:52] /addskill Tester, level
[28/10/2010  11:42:52] /addskill Tester, level
[28/10/2010  11:42:52] /addskill Tester, level
[28/10/2010  11:42:52] /addskill Tester, level
[28/10/2010  11:42:52] /addskill Tester, level
[28/10/2010  11:42:52] /addskill Tester, level
[28/10/2010  11:42:52] /addskill Tester, level
[28/10/2010  11:42:52] /addskill Tester, level
[28/10/2010  11:42:52] /addskill Tester, level
[28/10/2010  11:42:52] /addskill Tester, level
[28/10/2010  11:42:52] /addskill Tester, level
[28/10/2010  11:42:52] /addskill Tester, level
[28/10/2010  11:42:52] /addskill Tester, level
[28/10/2010  11:42:53] /addskill Tester, level
[28/10/2010  11:42:54] /addskill Tester, level
[28/10/2010  11:42:54] /addskill Tester, level
[28/10/2010  11:42:54] /addskill Tester, level
[28/10/2010  11:42:54] /addskill Tester, level
[28/10/2010  11:42:54] /addskill Tester, level
[28/10/2010  11:42:54] /addskill Tester, level
[28/10/2010  11:42:54] /addskill Tester, level
[28/10/2010  11:42:54] /addskill Tester, level
[28/10/2010  11:42:54] /addskill Tester, level
[28/10/2010  11:42:54] /addskill Tester, level
[28/10/2010  11:42:54] /addskill Tester, level
[28/10/2010  11:42:54] /addskill Tester, level
[28/10/2010  11:42:54] /addskill Tester, level
[28/10/2010  11:42:54] /addskill Tester, level
[28/10/2010  11:42:54] /addskill Tester, level
[28/10/2010  11:42:54] /addskill Tester, level
[28/10/2010  11:42:54] /addskill Tester, level
[28/10/2010  11:42:54] /addskill Tester, level
[28/10/2010  11:42:54] /addskill Tester, level
[28/10/2010  11:42:55] /addskill Tester, level
[28/10/2010  11:42:55] /addskill Tester, level
[28/10/2010  11:42:55] /addskill Tester, level
[28/10/2010  11:42:55] /addskill Tester, level
[28/10/2010  11:42:55] /addskill Tester, level
[28/10/2010  11:42:55] /addskill Tester, level
[28/10/2010  11:42:55] /addskill Tester, level
[28/10/2010  11:42:55] /addskill Tester, level
[28/10/2010  11:42:55] /addskill Tester, level
[28/10/2010  11:42:55] /addskill Tester, level
[28/10/2010  11:42:55] /addskill Tester, level
[28/10/2010  11:42:55] /addskill Tester, level
[28/10/2010  11:42:55] /addskill Tester, level
[28/10/2010  11:42:55] /addskill Tester, level
[28/10/2010  11:42:55] /addskill Tester, level
[28/10/2010  11:42:55] /addskill Tester, level
[28/10/2010  11:42:55] /addskill Tester, level
[28/10/2010  11:42:55] /addskill Tester, level
[28/10/2010  11:42:55] /addskill Tester, level
[28/10/2010  11:42:55] /addskill Tester, level
[28/10/2010  11:42:55] /addskill Tester, level
[28/10/2010  11:42:55] /addskill Tester, level
[28/10/2010  11:42:55] /addskill Tester, level
[28/10/2010  11:42:55] /addskill Tester, level
[28/10/2010  11:42:55] /addskill Tester, level
[28/10/2010  11:42:55] /addskill Tester, level
[28/10/2010  11:42:55] /addskill Tester, level
[28/10/2010  11:43:20] /addskill Tester, level
[28/10/2010  11:43:20] /addskill Tester, level
[28/10/2010  11:43:21] /addskill Tester, level
[28/10/2010  11:43:21] /addskill Tester, level
[28/10/2010  11:43:21] /addskill Tester, level
[28/10/2010  11:43:21] /addskill Tester, level
[28/10/2010  11:43:21] /addskill Tester, level
[28/10/2010  11:43:21] /addskill Tester, level
[28/10/2010  11:43:21] /addskill Tester, level
[28/10/2010  11:43:21] /addskill Tester, level
[28/10/2010  11:43:21] /addskill Tester, level
[28/10/2010  11:43:21] /addskill Tester, level
[28/10/2010  11:43:22] /addskill Tester, level
[28/10/2010  11:43:22] /addskill Tester, level
[28/10/2010  11:43:22] /addskill Tester, level
[28/10/2010  11:43:22] /addskill Tester, level
[28/10/2010  11:43:22] /addskill Tester, level
[28/10/2010  11:43:22] /addskill Tester, level
[28/10/2010  11:43:22] /addskill Tester, level
[28/10/2010  11:43:22] /addskill Tester, level
[28/10/2010  11:43:22] /addskill Tester, level
[28/10/2010  11:43:22] /addskill Tester, level
[28/10/2010  11:43:22] /addskill Tester, level
[28/10/2010  11:43:22] /addskill Tester, level
[28/10/2010  11:43:22] /addskill Tester, level
[28/10/2010  11:43:22] /addskill Tester, level
[28/10/2010  11:43:40] /i 2160 100
[28/10/2010  11:44:15] /i 2173
[28/10/2010  11:49:48] /kick  tester
[28/10/2010  11:49:59] /kick Tester
[28/10/2010  15:02:30] /n ham 100
[28/10/2010  15:03:10] /n mana potion
[28/10/2010  15:03:11] /n mana potion 
[28/10/2010  15:03:15] /n mana potion
[28/10/2010  15:03:35] /n golden legs 
[28/10/2010  15:03:46] /n boots of haste 
[28/10/2010  15:03:56] /n magic plate armor 
[28/10/2010  15:04:06] /n golden helmet 
[28/10/2010  15:04:14] /n dragon scale legs 
[28/10/2010  15:04:28] /n green backpack 
[28/10/2010  15:04:33] /n amulet of loos 
[28/10/2010  15:04:41] /i 2173 
[28/10/2010  15:04:52] /n magic sword 
[28/10/2010  15:05:02] /n blessed chield 
[28/10/2010  15:05:10] /n blessed shield
[28/10/2010  15:05:18] /n blessed shield 
[28/10/2010  15:05:52] /t
[01/07/2015  23:03:38] /a 3
[01/07/2015  23:03:38] /a 3
[01/07/2015  23:03:38] /a 3
[01/07/2015  23:03:38] /a 3
[01/07/2015  23:03:38] /a 3
[01/07/2015  23:03:38] /a 3
[01/07/2015  23:03:38] /a 3
[01/07/2015  23:03:38] /a 3
[01/07/2015  23:03:39] /a 3
[01/07/2015  23:03:39] /a 3
[01/07/2015  23:03:39] /a 3
[01/07/2015  23:03:39] /a 3
[01/07/2015  23:03:39] /a 3
[01/07/2015  23:03:39] /a 3
[01/07/2015  23:03:39] /a 3
[01/07/2015  23:03:39] /a 3
[01/07/2015  23:03:39] /a 3
[01/07/2015  23:03:39] /a 3
[01/07/2015  23:03:39] /a 3
[01/07/2015  23:03:39] /a 3
[01/07/2015  23:03:39] /a 3
[01/07/2015  23:03:39] /a 3
[01/07/2015  23:03:39] /a 3
[01/07/2015  23:03:39] /a 3
[01/07/2015  23:03:39] /a 3
[01/07/2015  23:03:39] /a 3
[01/07/2015  23:03:39] /a 3
[01/07/2015  23:03:39] /a 3
[01/07/2015  23:03:39] /a 3
[01/07/2015  23:03:39] /a 3
[01/07/2015  23:03:39] /a 3
[01/07/2015  23:03:39] /a 3
[01/07/2015  23:03:39] /a 3
[01/07/2015  23:03:39] /a 3
[01/07/2015  23:03:39] /a 3
[01/07/2015  23:03:40] /a 3
[01/07/2015  23:03:40] /a 3
[01/07/2015  23:03:40] /a 3
[01/07/2015  23:03:40] /a 3
[01/07/2015  23:03:40] /a 3
[01/07/2015  23:03:40] /a 3
[01/07/2015  23:03:40] /a 3
[01/07/2015  23:03:40] /a 3
[01/07/2015  23:03:40] /a 3
[01/07/2015  23:03:41] /a 3
[01/07/2015  23:03:41] /a 3
[01/07/2015  23:03:41] /a 3
[01/07/2015  23:03:41] /a 3
[01/07/2015  23:03:41] /a 3
[01/07/2015  23:03:41] /a 3
[01/07/2015  23:03:41] /a 3
[01/07/2015  23:03:41] /a 3
[01/07/2015  23:03:41] /a 3
[01/07/2015  23:03:41] /a 3
[01/07/2015  23:03:41] /a 3
[01/07/2015  23:03:41] /a 3
[01/07/2015  23:03:41] /a 3
[01/07/2015  23:03:41] /a 3
[01/07/2015  23:03:41] /a 3
[01/07/2015  23:03:41] /a 3
[01/07/2015  23:03:41] /a 3
[01/07/2015  23:03:41] /a 3
[01/07/2015  23:03:41] /a 3
[01/07/2015  23:03:41] /a 3
[01/07/2015  23:03:41] /a 3
[01/07/2015  23:03:41] /a 3
[01/07/2015  23:03:41] /a 3
[01/07/2015  23:03:42] /a 3
[01/07/2015  23:03:42] /a 3
[01/07/2015  23:03:42] /a 3
[01/07/2015  23:03:42] /a 3
[01/07/2015  23:03:42] /a 3
[01/07/2015  23:03:42] /a 3
[01/07/2015  23:03:42] /a 3
[01/07/2015  23:03:42] /a 3
[01/07/2015  23:03:42] /a 3
[01/07/2015  23:03:43] /a 3
[01/07/2015  23:03:43] /a 3
[01/07/2015  23:03:43] /a 3
[01/07/2015  23:03:43] /a 3
[01/07/2015  23:03:43] /a 3
[01/07/2015  23:03:43] /a 3
[01/07/2015  23:03:43] /a 3
[01/07/2015  23:03:43] /a 3
[01/07/2015  23:03:43] /a 3
[01/07/2015  23:03:43] /a 3
[01/07/2015  23:03:43] /a 3
[01/07/2015  23:03:43] /a 3
[01/07/2015  23:03:44] /a 3
[01/07/2015  23:03:44] /a 3
[01/07/2015  23:03:46] /a 3
[01/07/2015  23:03:46] /a 3
[01/07/2015  23:03:46] /a 3
[01/07/2015  23:03:47] /a 3
[01/07/2015  23:03:49] /a 3
[01/07/2015  23:03:49] /a 3
[01/07/2015  23:03:51] /a 3
[01/07/2015  23:03:52] /a 3
[01/07/2015  23:03:52] /a 3
[01/07/2015  23:03:52] /a 3
[01/07/2015  23:03:53] /a 3
[01/07/2015  23:03:53] /a 3
[01/07/2015  23:03:53] /a 3
[01/07/2015  23:03:54] /a 3
[01/07/2015  23:04:01] /r
[01/07/2015  23:04:15] /a 3
[01/07/2015  23:04:15] /a 3
[01/07/2015  23:04:15] /a 3
[01/07/2015  23:04:15] /a 3
[01/07/2015  23:04:16] /a 3
[01/07/2015  23:04:16] /a 3
[01/07/2015  23:04:16] /a 3
[01/07/2015  23:04:16] /a 3
[01/07/2015  23:04:16] /a 3
[01/07/2015  23:04:16] /a 3
[01/07/2015  23:04:16] /a 3
[01/07/2015  23:04:16] /a 3
[01/07/2015  23:04:16] /a 3
[01/07/2015  23:04:16] /a 3
[01/07/2015  23:04:16] /a 3
[01/07/2015  23:04:16] /a 3
[01/07/2015  23:04:16] /a 3
[01/07/2015  23:04:16] /a 3
[01/07/2015  23:04:16] /a 3
[01/07/2015  23:04:16] /a 3
[01/07/2015  23:04:16] /a 3
[01/07/2015  23:04:16] /a 3
[01/07/2015  23:04:16] /a 3
[01/07/2015  23:04:16] /a 3
[01/07/2015  23:04:16] /a 3
[01/07/2015  23:04:16] /a 3
[01/07/2015  23:04:16] /a 3
[01/07/2015  23:04:16] /a 3
[01/07/2015  23:04:17] /a 3
[01/07/2015  23:04:17] /a 3
[01/07/2015  23:04:17] /a 3
[01/07/2015  23:04:17] /a 3
[01/07/2015  23:04:17] /a 3
[01/07/2015  23:04:17] /a 3
[01/07/2015  23:04:17] /a 3
[01/07/2015  23:04:17] /a 3
[01/07/2015  23:04:17] /a 3
[01/07/2015  23:04:17] /a 3
[01/07/2015  23:04:17] /a 3
[01/07/2015  23:04:17] /a 3
[01/07/2015  23:04:17] /a 3
[01/07/2015  23:04:17] /a 3
[01/07/2015  23:04:17] /a 3
[01/07/2015  23:04:17] /a 3
[01/07/2015  23:04:17] /a 3
[01/07/2015  23:04:17] /a 3
[01/07/2015  23:04:17] /a 3
[01/07/2015  23:04:17] /a 3
[01/07/2015  23:04:17] /a 3
[01/07/2015  23:04:17] /a 3
[01/07/2015  23:04:17] /a 3
[01/07/2015  23:04:17] /a 3
[01/07/2015  23:04:17] /a 3
[01/07/2015  23:04:17] /a 3
[01/07/2015  23:04:17] /a 3
[01/07/2015  23:04:17] /a 3
[01/07/2015  23:04:17] /a 3
[01/07/2015  23:04:17] /a 3
[01/07/2015  23:04:18] /a 3
[01/07/2015  23:04:18] /a 3
[01/07/2015  23:04:18] /a 3
[01/07/2015  23:04:18] /a 3
[01/07/2015  23:04:18] /a 3
[01/07/2015  23:04:18] /a 3
[01/07/2015  23:04:18] /a 3
[01/07/2015  23:04:18] /a 3
[01/07/2015  23:04:18] /a 3
[01/07/2015  23:04:18] /a 3
[01/07/2015  23:04:18] /a 3
[01/07/2015  23:04:18] /a 3
[01/07/2015  23:04:19] /up
[01/07/2015  23:04:20] /up
[01/07/2015  23:04:21] /a 3
[01/07/2015  23:04:22] /a 3
[01/07/2015  23:04:22] /a 3
[01/07/2015  23:04:22] /a 3
[01/07/2015  23:04:22] /a 3
[01/07/2015  23:04:22] /a 3
[01/07/2015  23:04:22] /a 3
[01/07/2015  23:04:22] /a 3
[01/07/2015  23:04:22] /a 3
[01/07/2015  23:04:22] /a 3
[01/07/2015  23:04:22] /a 3
[01/07/2015  23:04:22] /a 3
[01/07/2015  23:04:22] /a 3
[01/07/2015  23:04:22] /a 3
[01/07/2015  23:04:22] /a 3
[01/07/2015  23:04:22] /a 3
[01/07/2015  23:04:22] /a 3
[01/07/2015  23:04:22] /a 3
[01/07/2015  23:04:22] /a 3
[01/07/2015  23:04:22] /a 3
[01/07/2015  23:04:23] /a 3
[01/07/2015  23:04:24] /up
[01/07/2015  23:04:24] /a 3
[01/07/2015  23:04:25] /a 3
[01/07/2015  23:04:25] /a 3
[01/07/2015  23:04:25] /a 3
[01/07/2015  23:04:25] /a 3
[01/07/2015  23:04:25] /a 3
[01/07/2015  23:04:25] /a 3
[01/07/2015  23:04:25] /a 3
[01/07/2015  23:04:25] /a 3
[01/07/2015  23:04:25] /a 3
[01/07/2015  23:04:25] /a 3
[01/07/2015  23:04:25] /a 3
[01/07/2015  23:04:25] /a 3
[01/07/2015  23:04:25] /a 3
[01/07/2015  23:04:25] /a 3
[01/07/2015  23:04:25] /a 3
[01/07/2015  23:04:25] /a 3
[01/07/2015  23:04:25] /a 3
[01/07/2015  23:04:25] /a 3
[01/07/2015  23:04:27] /up
[01/07/2015  23:04:28] /up
[01/07/2015  23:04:29] /up
[01/07/2015  23:04:29] /up
[01/07/2015  23:04:30] /a 3
[01/07/2015  23:04:30] /a 3
[01/07/2015  23:04:30] /a 3
[01/07/2015  23:04:30] /a 3
[01/07/2015  23:04:30] /a 3
[01/07/2015  23:04:30] /a 3
[01/07/2015  23:04:30] /a 3
[01/07/2015  23:04:30] /a 3
[01/07/2015  23:04:30] /a 3
[01/07/2015  23:04:30] /a 3
[01/07/2015  23:04:30] /a 3
[01/07/2015  23:04:31] /a 3
[01/07/2015  23:04:31] /a 3
[01/07/2015  23:04:31] /a 3
[01/07/2015  23:04:31] /a 3
[01/07/2015  23:04:31] /a 3
[01/07/2015  23:04:31] /a 3
[01/07/2015  23:04:31] /a 3
[01/07/2015  23:04:31] /a 3
[01/07/2015  23:04:32] /a 3
[01/07/2015  23:04:32] /a 3
[01/07/2015  23:04:32] /a 3
[01/07/2015  23:04:32] /a 3
[01/07/2015  23:04:32] /a 3
[01/07/2015  23:04:32] /a 3
[01/07/2015  23:04:32] /a 3
[01/07/2015  23:04:32] /a 3
[01/07/2015  23:04:32] /a 3
[01/07/2015  23:04:32] /a 3
[01/07/2015  23:04:32] /a 3
[01/07/2015  23:04:32] /a 3
[01/07/2015  23:04:32] /a 3
[01/07/2015  23:04:32] /a 3
[01/07/2015  23:04:32] /a 3
[01/07/2015  23:04:32] /a 3
[01/07/2015  23:04:32] /a 3
[01/07/2015  23:04:32] /a 3
[01/07/2015  23:04:33] /a 3
[01/07/2015  23:04:33] /a 3
[01/07/2015  23:04:33] /a 3
[01/07/2015  23:04:34] /a 3
[01/07/2015  23:04:34] /a 3
[01/07/2015  23:04:34] /a 3
[01/07/2015  23:04:35] /a 3
[01/07/2015  23:04:35] /a 3
[01/07/2015  23:04:36] /a 3
[01/07/2015  23:04:37] /a 3
[01/07/2015  23:04:37] /a 3
[01/07/2015  23:04:37] /a 3
[01/07/2015  23:04:38] /a 3
[01/07/2015  23:04:38] /a 3
[01/07/2015  23:04:38] /a 3
[01/07/2015  23:04:38] /a 3
[01/07/2015  23:04:38] /a 3
[01/07/2015  23:04:38] /a 3
[01/07/2015  23:04:38] /a 3
[01/07/2015  23:04:38] /a 3
[01/07/2015  23:04:38] /a 3
[01/07/2015  23:04:38] /a 3
[01/07/2015  23:04:38] /a 3
[01/07/2015  23:04:38] /a 3
[01/07/2015  23:04:38] /a 3
[01/07/2015  23:04:38] /a 3
[01/07/2015  23:04:38] /a 3
[01/07/2015  23:04:38] /a 3
[01/07/2015  23:04:40] /a 3
[01/07/2015  23:04:41] /a 3
[01/07/2015  23:04:41] /a 3
[01/07/2015  23:04:41] /a 3
[01/07/2015  23:04:41] /a 3
[01/07/2015  23:04:41] /a 3
[01/07/2015  23:04:41] /a 3
[01/07/2015  23:04:41] /a 3
[01/07/2015  23:04:41] /a 3
[01/07/2015  23:04:41] /a 3
[01/07/2015  23:04:41] /a 3
[01/07/2015  23:04:41] /a 3
[01/07/2015  23:04:41] /a 3
[01/07/2015  23:04:42] /a 3
[01/07/2015  23:04:42] /a 3
[01/07/2015  23:04:42] /a 3
[01/07/2015  23:04:42] /a 3
[01/07/2015  23:04:42] /a 3
[01/07/2015  23:04:42] /a 3
[01/07/2015  23:04:42] /a 3
[01/07/2015  23:04:42] /a 3
[01/07/2015  23:04:42] /a 3
[01/07/2015  23:04:42] /a 3
[01/07/2015  23:04:42] /a 3
[01/07/2015  23:04:42] /a 3
[01/07/2015  23:04:42] /a 3
[01/07/2015  23:04:42] /a 3
[01/07/2015  23:04:42] /a 3
[01/07/2015  23:04:42] /a 3
[01/07/2015  23:04:43] /a 3
[01/07/2015  23:04:43] /a 3
[01/07/2015  23:04:43] /a 3
[01/07/2015  23:04:43] /a 3
[01/07/2015  23:04:43] /a 3
[01/07/2015  23:04:43] /a 3
[01/07/2015  23:04:43] /a 3
[01/07/2015  23:04:43] /a 3
[01/07/2015  23:04:43] /a 3
[01/07/2015  23:04:43] /a 3
[01/07/2015  23:04:44] /a 3
[01/07/2015  23:04:44] /a 3
[01/07/2015  23:04:44] /a 3
[01/07/2015  23:04:44] /a 3
[01/07/2015  23:04:44] /a 3
[01/07/2015  23:04:44] /a 3
[01/07/2015  23:04:44] /a 3
[01/07/2015  23:04:44] /a 3
[01/07/2015  23:04:45] /down
[01/07/2015  23:04:46] /down
[01/07/2015  23:04:47] /down
[01/07/2015  23:04:48] /down
[01/07/2015  23:04:50] /a 3
[01/07/2015  23:04:52] /a 3
[01/07/2015  23:04:52] /a 3
[01/07/2015  23:04:53] /a 3
[01/07/2015  23:04:53] /a 3
[01/07/2015  23:04:53] /a 3
[01/07/2015  23:04:53] /a 3
[01/07/2015  23:04:53] /a 3
[01/07/2015  23:04:53] /a 3
[01/07/2015  23:04:53] /a 3
[01/07/2015  23:04:53] /a 3
[01/07/2015  23:04:53] /a 3
[01/07/2015  23:04:54] /a 3
[01/07/2015  23:04:54] /a 3
[01/07/2015  23:04:54] /a 3
[01/07/2015  23:04:54] /a 3
[01/07/2015  23:04:54] /a 3
[01/07/2015  23:04:54] /a 3
[01/07/2015  23:04:54] /a 3
[01/07/2015  23:04:54] /a 3
[01/07/2015  23:04:54] /a 3
[01/07/2015  23:04:54] /a 3
[01/07/2015  23:04:55] /a 3
[01/07/2015  23:04:55] /a 3
[01/07/2015  23:05:04] /a 3
[01/07/2015  23:05:05] /a 3
[01/07/2015  23:05:13] /n sudden death rune
[01/07/2015  23:05:15] /n sudden death rune 100
[01/07/2015  23:09:58] /a 3
[01/07/2015  23:09:58] /a 3
[01/07/2015  23:09:58] /a 3
[01/07/2015  23:09:59] /a 3
[01/07/2015  23:09:59] /a 3
[01/07/2015  23:09:59] /a 3
[01/07/2015  23:09:59] /a 3
[01/07/2015  23:09:59] /a 3
[01/07/2015  23:09:59] /a 3
[01/07/2015  23:09:59] /a 3
[01/07/2015  23:09:59] /a 3
[01/07/2015  23:09:59] /a 3
[01/07/2015  23:09:59] /a 3
[01/07/2015  23:09:59] /a 3
[01/07/2015  23:09:59] /a 3
[01/07/2015  23:09:59] /a 3
[01/07/2015  23:10:00] /a 3
[01/07/2015  23:10:00] /a 3
[01/07/2015  23:10:01] /a 3
[01/07/2015  23:10:01] /a 3
[01/07/2015  23:10:01] /a 3
[01/07/2015  23:10:01] /a 3
[01/07/2015  23:10:01] /a 3
[01/07/2015  23:10:01] /a 3
[01/07/2015  23:10:01] /a 3
[01/07/2015  23:10:01] /a 3
[01/07/2015  23:10:01] /a 3
[01/07/2015  23:10:02] /a 3
[01/07/2015  23:10:02] /a 3
[01/07/2015  23:10:02] /a 3
[01/07/2015  23:10:02] /a 3
[01/07/2015  23:10:03] /a 3
[01/07/2015  23:10:03] /a 3
[01/07/2015  23:10:03] /a 3
[01/07/2015  23:10:03] /a 3
[01/07/2015  23:10:03] /a 3
[01/07/2015  23:10:03] /a 3
[01/07/2015  23:10:03] /a 3
[01/07/2015  23:10:03] /a 3
[01/07/2015  23:10:03] /a 3
[01/07/2015  23:10:03] /a 3
[01/07/2015  23:10:04] /a 3
[01/07/2015  23:10:04] /a 3
[01/07/2015  23:10:04] /a 3
[01/07/2015  23:10:04] /a 3
[01/07/2015  23:10:04] /a 3
[01/07/2015  23:10:04] /a 3
[01/07/2015  23:10:04] /a 3
[01/07/2015  23:10:04] /a 3
[01/07/2015  23:10:04] /a 3
[01/07/2015  23:10:04] /a 3
[01/07/2015  23:10:04] /a 3
[01/07/2015  23:10:04] /a 3
[01/07/2015  23:10:04] /a 3
[01/07/2015  23:10:04] /a 3
[01/07/2015  23:10:04] /a 3
[01/07/2015  23:10:05] /a 3
[01/07/2015  23:10:05] /a 3
[01/07/2015  23:10:05] /a 3
[01/07/2015  23:10:05] /a 3
[01/07/2015  23:10:06] /a 3
[01/07/2015  23:10:06] /a 3
[01/07/2015  23:10:08] /a 3
[01/07/2015  23:10:12] /up
[01/07/2015  23:10:13] /a 3
[01/07/2015  23:10:13] /a 3
[01/07/2015  23:10:13] /a 3
[01/07/2015  23:10:13] /a 3
[01/07/2015  23:10:13] /a 3
[01/07/2015  23:10:13] /a 3
[01/07/2015  23:10:13] /a 3
[01/07/2015  23:10:14] /a 3
[01/07/2015  23:10:14] /a 3
[01/07/2015  23:10:14] /a 3
[01/07/2015  23:10:14] /a 3
[01/07/2015  23:10:14] /a 3
[01/07/2015  23:10:14] /a 3
[01/07/2015  23:10:14] /a 3
[01/07/2015  23:10:14] /a 3
[01/07/2015  23:10:14] /a 3
[01/07/2015  23:10:14] /a 3
[01/07/2015  23:10:14] /a 3
[01/07/2015  23:10:14] /a 3
[01/07/2015  23:10:14] /a 3
[01/07/2015  23:10:14] /a 3
[01/07/2015  23:10:14] /a 3
[01/07/2015  23:10:14] /a 3
[01/07/2015  23:10:14] /a 3
[01/07/2015  23:10:14] /a 3
[01/07/2015  23:10:15] /a 3
[01/07/2015  23:10:15] /a 3
[01/07/2015  23:10:15] /a 3
[01/07/2015  23:10:15] /a 3
[01/07/2015  23:10:15] /a 3
[01/07/2015  23:10:16] /a 3
[01/07/2015  23:10:16] /a 3
[01/07/2015  23:10:17] /a 3
[01/07/2015  23:10:17] /a 3
[01/07/2015  23:10:18] /a 3
[01/07/2015  23:10:18] /a 3
[01/07/2015  23:10:18] /a 3
[01/07/2015  23:10:18] /a 3
[01/07/2015  23:10:18] /a 3
[01/07/2015  23:10:18] /a 3
[01/07/2015  23:10:18] /a 3
[01/07/2015  23:10:18] /a 3
[01/07/2015  23:10:18] /a 3
[01/07/2015  23:10:18] /a 3
[01/07/2015  23:10:19] /a 3
[01/07/2015  23:10:19] /a 3
[01/07/2015  23:10:21] /a 3
[01/07/2015  23:10:21] /a 3
[01/07/2015  23:10:22] /a 3
[01/07/2015  23:10:22] /a 3
[01/07/2015  23:10:22] /a 3
[01/07/2015  23:10:23] /a 3
[01/07/2015  23:10:23] /a 3
[01/07/2015  23:10:25] /a 3
[01/07/2015  23:10:26] /a 3
[01/07/2015  23:10:37] /summon demon skeleon
[01/07/2015  23:10:43] /summon demon 
[01/07/2015  23:10:47] /s demon
[01/07/2015  23:10:52] /summon mumm
[01/07/2015  23:10:53] /summon mummy
[01/07/2015  23:11:05] /summon demodras
[01/07/2015  23:11:37] /a 3
[01/07/2015  23:11:37] /a 3
[01/07/2015  23:11:37] /a 3
[01/07/2015  23:11:37] /a 3
[01/07/2015  23:11:38] /a 3
[01/07/2015  23:11:38] /a 3
[01/07/2015  23:11:38] /a 3
[01/07/2015  23:11:38] /a 3
[01/07/2015  23:11:38] /a 3
[01/07/2015  23:11:38] /a 3
[01/07/2015  23:11:38] /a 3
[01/07/2015  23:11:38] /a 3
[01/07/2015  23:11:39] /a 3
[01/07/2015  23:11:39] /a 3
[01/07/2015  23:11:39] /a 3
[01/07/2015  23:11:39] /a 3
[01/07/2015  23:11:39] /a 3
[01/07/2015  23:11:39] /a 3
[01/07/2015  23:11:39] /a 3
[01/07/2015  23:11:39] /a 3
[01/07/2015  23:11:39] /a 3
[01/07/2015  23:11:39] /a 3
[01/07/2015  23:11:39] /a 3
[01/07/2015  23:11:40] /a 3
[01/07/2015  23:11:40] /a 3
[01/07/2015  23:11:40] /a 3
[01/07/2015  23:11:40] /a 3
[01/07/2015  23:11:41] /a 3
[01/07/2015  23:11:41] /a 3
[01/07/2015  23:11:41] /a 3
[01/07/2015  23:11:41] /a 3
[01/07/2015  23:11:42] /a 3
[01/07/2015  23:11:42] /a 3
[01/07/2015  23:11:42] /a 3
[01/07/2015  23:11:42] /a 3
[01/07/2015  23:11:42] /a 3
[01/07/2015  23:11:42] /a 3
[01/07/2015  23:11:42] /a 3
[01/07/2015  23:11:43] /a 3
[01/07/2015  23:11:43] /a 3
[01/07/2015  23:11:43] /a 3
[01/07/2015  23:11:44] /a 3
[01/07/2015  23:11:44] /a 3
[01/07/2015  23:11:44] /a 3
[01/07/2015  23:11:44] /a 3
[01/07/2015  23:11:45] /a 3
[01/07/2015  23:11:45] /a 3
[01/07/2015  23:11:45] /a 3
[01/07/2015  23:11:46] /a 3
[01/07/2015  23:11:46] /a 3
[01/07/2015  23:11:48] /a 3
[01/07/2015  23:11:48] /a 3
[01/07/2015  23:11:48] /a 3
[01/07/2015  23:11:48] /a 3
[01/07/2015  23:11:48] /a 3
[01/07/2015  23:11:48] /a 3
[01/07/2015  23:11:49] /a 3
[01/07/2015  23:11:49] /a 3
[01/07/2015  23:11:49] /a 3
[01/07/2015  23:11:54] /a 3
[01/07/2015  23:11:54] /a 3
[01/07/2015  23:11:54] /a 3
[01/07/2015  23:11:54] /a 3
[01/07/2015  23:11:55] /a 3
[01/07/2015  23:11:59] /a 3
[01/07/2015  23:11:59] /a 3
[01/07/2015  23:11:59] /a 3
[01/07/2015  23:12:00] /a 3
[01/07/2015  23:12:00] /a 3
[01/07/2015  23:12:01] /a 3
[01/07/2015  23:12:02] /a 3
[01/07/2015  23:12:02] /a 3
[01/07/2015  23:12:02] /a 3
[01/07/2015  23:12:03] /a 3
[01/07/2015  23:12:03] /a 3
[01/07/2015  23:12:03] /a 3
[01/07/2015  23:12:04] /a 3
[01/07/2015  23:12:04] /a 3
[01/07/2015  23:12:04] /a 3
[01/07/2015  23:12:04] /a 3
[01/07/2015  23:12:04] /a 3
[01/07/2015  23:12:04] /a 3
[01/07/2015  23:12:04] /a 3
[01/07/2015  23:12:04] /a 3
[01/07/2015  23:12:04] /a 3
[01/07/2015  23:12:04] /a 3
[01/07/2015  23:12:04] /a 3
[01/07/2015  23:12:04] /a 3
[01/07/2015  23:12:05] /a 3
[01/07/2015  23:12:05] /a 3
[01/07/2015  23:12:05] /a 3
[01/07/2015  23:12:05] /a 3
[01/07/2015  23:12:05] /a 3
[01/07/2015  23:12:05] /a 3
[01/07/2015  23:12:05] /a 3
[01/07/2015  23:12:05] /a 3
[01/07/2015  23:12:05] /a 3
[01/07/2015  23:12:05] /a 3
[01/07/2015  23:12:05] /a 3
[01/07/2015  23:12:05] /a 3
[01/07/2015  23:12:08] /down
[01/07/2015  23:12:08] /a 3
[01/07/2015  23:12:08] /a 3
[01/07/2015  23:12:08] /a 3
[01/07/2015  23:12:08] /a 3
[01/07/2015  23:12:08] /a 3
[01/07/2015  23:12:08] /a 3
[01/07/2015  23:12:08] /a 3
[01/07/2015  23:12:08] /a 3
[01/07/2015  23:12:08] /a 3
[01/07/2015  23:12:08] /a 3
[01/07/2015  23:12:08] /a 3
[01/07/2015  23:12:09] /a 3
[01/07/2015  23:12:09] /a 3
[01/07/2015  23:12:09] /a 3
[01/07/2015  23:12:09] /a 3
[01/07/2015  23:12:09] /a 3
[01/07/2015  23:12:09] /a 3
[01/07/2015  23:12:09] /a 3
[01/07/2015  23:12:10] /a 3
[01/07/2015  23:12:10] /a 3
[01/07/2015  23:12:10] /a 3
[01/07/2015  23:12:10] /a 3
[01/07/2015  23:12:10] /a 3
[01/07/2015  23:12:10] /a 3
[01/07/2015  23:12:10] /a 3
[01/07/2015  23:12:10] /a 3
[01/07/2015  23:12:10] /a 3
[01/07/2015  23:12:10] /a 3
[01/07/2015  23:12:10] /a 3
[01/07/2015  23:12:10] /a 3
[01/07/2015  23:12:10] /a 3
[01/07/2015  23:12:11] /a 3
[01/07/2015  23:12:11] /a 3
[01/07/2015  23:12:11] /a 3
[01/07/2015  23:12:12] /a 3
[01/07/2015  23:13:37] /s orc warlord
[01/07/2015  23:13:42] /s orc warlord
[01/07/2015  23:13:46] /s orc
[01/07/2015  23:13:47] /s orc
[01/07/2015  23:13:50] /summon orc
[01/07/2015  23:13:54] /s orc warlord
[01/07/2015  23:13:54] /s orc warlord
[01/07/2015  23:13:55] /s orc warlord
[01/07/2015  23:13:56] /s orc warlord
[01/07/2015  23:14:03] /goto orc warlord
[01/07/2015  23:14:13] /n sword of valor
[01/07/2015  23:14:14] /s orc warlord
[01/07/2015  23:14:16] /s orc warlord 1
[01/07/2015  23:14:21] /n orc warlord 1
[01/07/2015  23:14:31] /n magic sword 1
[01/07/2015  23:14:51] /addskill god tryller, sword, 1
[01/07/2015  23:14:51] /addskill god tryller, sword, 1
[01/07/2015  23:14:51] /addskill god tryller, sword, 1
[01/07/2015  23:14:51] /addskill god tryller, sword, 1
[01/07/2015  23:14:51] /addskill god tryller, sword, 1
[01/07/2015  23:14:51] /addskill god tryller, sword, 1
[01/07/2015  23:14:51] /addskill god tryller, sword, 1
[01/07/2015  23:14:51] /addskill god tryller, sword, 1
[01/07/2015  23:14:51] /addskill god tryller, sword, 1
[01/07/2015  23:14:51] /addskill god tryller, sword, 1
[01/07/2015  23:14:51] /addskill god tryller, sword, 1
[01/07/2015  23:14:51] /addskill god tryller, sword, 1
[01/07/2015  23:14:52] /addskill god tryller, sword, 1
[01/07/2015  23:14:52] /addskill god tryller, sword, 1
[01/07/2015  23:14:52] /addskill god tryller, sword, 1
[01/07/2015  23:14:52] /addskill god tryller, sword, 1
[01/07/2015  23:14:52] /addskill god tryller, sword, 1
[01/07/2015  23:14:52] /addskill god tryller, sword, 1
[01/07/2015  23:14:52] /addskill god tryller, sword, 1
[01/07/2015  23:14:52] /addskill god tryller, sword, 1
[01/07/2015  23:14:52] /addskill god tryller, sword, 1
[01/07/2015  23:14:52] /addskill god tryller, sword, 1
[01/07/2015  23:14:52] /addskill god tryller, sword, 1
[01/07/2015  23:14:52] /addskill god tryller, sword, 1
[01/07/2015  23:14:52] /addskill god tryller, sword, 1
[01/07/2015  23:14:52] /addskill god tryller, sword, 1
[01/07/2015  23:14:52] /addskill god tryller, sword, 1
[01/07/2015  23:14:52] /addskill god tryller, sword, 1
[01/07/2015  23:14:52] /addskill god tryller, sword, 1
[01/07/2015  23:14:52] /addskill god tryller, sword, 1
[01/07/2015  23:14:52] /addskill god tryller, sword, 1
[01/07/2015  23:14:52] /addskill god tryller, sword, 1
[01/07/2015  23:14:52] /addskill god tryller, sword, 1
[01/07/2015  23:14:52] /addskill god tryller, sword, 1
[01/07/2015  23:14:52] /addskill god tryller, sword, 1
[01/07/2015  23:14:52] /addskill god tryller, sword, 1
[01/07/2015  23:14:52] /addskill god tryller, sword, 1
[01/07/2015  23:14:52] /addskill god tryller, sword, 1
[01/07/2015  23:14:52] /addskill god tryller, sword, 1
[01/07/2015  23:14:52] /addskill god tryller, sword, 1
[01/07/2015  23:14:52] /addskill god tryller, sword, 1
[01/07/2015  23:14:52] /addskill god tryller, sword, 1
[01/07/2015  23:14:52] /addskill god tryller, sword, 1
[01/07/2015  23:14:53] /addskill god tryller, sword, 1
[01/07/2015  23:14:53] /addskill god tryller, sword, 1
[01/07/2015  23:14:53] /addskill god tryller, sword, 1
[01/07/2015  23:14:53] /addskill god tryller, sword, 1
[01/07/2015  23:14:53] /addskill god tryller, sword, 1
[01/07/2015  23:14:53] /addskill god tryller, sword, 1
[01/07/2015  23:14:53] /addskill god tryller, sword, 1
[01/07/2015  23:14:53] /addskill god tryller, sword, 1
[01/07/2015  23:14:53] /addskill god tryller, sword, 1
[01/07/2015  23:14:53] /addskill god tryller, sword, 1
[01/07/2015  23:14:53] /addskill god tryller, sword, 1
[01/07/2015  23:14:53] /addskill god tryller, sword, 1
[01/07/2015  23:14:53] /addskill god tryller, sword, 1
[01/07/2015  23:14:53] /addskill god tryller, sword, 1
[01/07/2015  23:14:53] /addskill god tryller, sword, 1
[01/07/2015  23:14:53] /addskill god tryller, sword, 1
[01/07/2015  23:14:53] /addskill god tryller, sword, 1
[01/07/2015  23:14:53] /addskill god tryller, sword, 1
[01/07/2015  23:14:53] /addskill god tryller, sword, 1
[01/07/2015  23:14:53] /addskill god tryller, sword, 1
[01/07/2015  23:14:53] /addskill god tryller, sword, 1
[01/07/2015  23:14:53] /addskill god tryller, sword, 1
[01/07/2015  23:14:53] /addskill god tryller, sword, 1
[01/07/2015  23:14:53] /addskill god tryller, sword, 1
[01/07/2015  23:14:53] /addskill god tryller, sword, 1
[01/07/2015  23:14:53] /addskill god tryller, sword, 1
[01/07/2015  23:14:53] /addskill god tryller, sword, 1
[01/07/2015  23:14:53] /addskill god tryller, sword, 1
[01/07/2015  23:14:53] /addskill god tryller, sword, 1
[01/07/2015  23:14:53] /addskill god tryller, sword, 1
[01/07/2015  23:14:54] /addskill god tryller, sword, 1
[01/07/2015  23:14:54] /addskill god tryller, sword, 1
[01/07/2015  23:14:54] /addskill god tryller, sword, 1
[01/07/2015  23:14:54] /addskill god tryller, sword, 1
[01/07/2015  23:14:54] /addskill god tryller, sword, 1
[01/07/2015  23:14:54] /addskill god tryller, sword, 1
[01/07/2015  23:14:54] /addskill god tryller, sword, 1
[01/07/2015  23:14:54] /addskill god tryller, sword, 1
[01/07/2015  23:14:54] /addskill god tryller, sword, 1
[01/07/2015  23:14:54] /addskill god tryller, sword, 1
[01/07/2015  23:14:54] /addskill god tryller, sword, 1
[01/07/2015  23:14:54] /addskill god tryller, sword, 1
[01/07/2015  23:14:54] /addskill god tryller, sword, 1
[01/07/2015  23:14:54] /addskill god tryller, sword, 1
[01/07/2015  23:14:54] /addskill god tryller, sword, 1
[01/07/2015  23:14:54] /addskill god tryller, sword, 1
[01/07/2015  23:14:54] /addskill god tryller, sword, 1
[01/07/2015  23:14:54] /addskill god tryller, sword, 1
[01/07/2015  23:14:54] /addskill god tryller, sword, 1
[01/07/2015  23:14:54] /addskill god tryller, sword, 1
[01/07/2015  23:14:54] /addskill god tryller, sword, 1
[01/07/2015  23:14:54] /addskill god tryller, sword, 1
[01/07/2015  23:14:54] /addskill god tryller, sword, 1
[01/07/2015  23:14:54] /addskill god tryller, sword, 1
[01/07/2015  23:14:54] /addskill god tryller, sword, 1
[01/07/2015  23:14:54] /addskill god tryller, sword, 1
[01/07/2015  23:14:55] /addskill god tryller, sword, 1
[01/07/2015  23:14:55] /addskill god tryller, sword, 1
[01/07/2015  23:15:07] /town 1
[01/07/2015  23:15:11] /town thais
[01/07/2015  23:15:16] /addskill god tryller, sword, 1
[01/07/2015  23:15:16] /addskill god tryller, sword, 1
[01/07/2015  23:15:34] /n soft boots 1
